{"C:\\Users\\soham\\Desktop\\React\\Namaste-React\\Food Odering Application\\src\\components\\Contact.js": {"path":"C:\\Users\\soham\\Desktop\\React\\Namaste-React\\Food Odering Application\\src\\components\\Contact.js","statementMap":{"0":{"start":{"line":3,"column":16},"end":{"line":15,"column":1}},"1":{"start":{"line":4,"column":2},"end":{"line":14,"column":3}}},"fnMap":{"0":{"name":"(anonymous_0)","decl":{"start":{"line":3,"column":16},"end":{"line":3,"column":17}},"loc":{"start":{"line":3,"column":22},"end":{"line":15,"column":1}},"line":3}},"branchMap":{},"s":{"0":1,"1":3},"f":{"0":3},"b":{},"_coverageSchema":"1a1c01bbd47fc00a2c39e90264f33305004495a9","hash":"146d19313687b89af1b32f92efa9ed607cf54cb4"}
,"C:\\Users\\soham\\Desktop\\React\\Namaste-React\\Food Odering Application\\src\\components\\sum.js": {"path":"C:\\Users\\soham\\Desktop\\React\\Namaste-React\\Food Odering Application\\src\\components\\sum.js","statementMap":{"0":{"start":{"line":1,"column":19},"end":{"line":3,"column":1}},"1":{"start":{"line":2,"column":0},"end":{"line":2,"column":11}}},"fnMap":{"0":{"name":"(anonymous_0)","decl":{"start":{"line":1,"column":19},"end":{"line":1,"column":20}},"loc":{"start":{"line":1,"column":27},"end":{"line":3,"column":1}},"line":1}},"branchMap":{},"s":{"0":1,"1":1},"f":{"0":1},"b":{},"_coverageSchema":"1a1c01bbd47fc00a2c39e90264f33305004495a9","hash":"88017d28e22defe05cd8e5f9b54768cf22ca5f8d"}
}
