<?xml version="1.0" encoding="UTF-8"?>
<coverage generated="1691986968153" clover="3.2.0">
  <project timestamp="1691986968154" name="All files">
    <metrics statements="38" coveredstatements="29" conditionals="8" coveredconditionals="2" methods="12" coveredmethods="7" elements="58" coveredelements="38" complexity="0" loc="38" ncloc="38" packages="2" files="8" classes="8"/>
    <package name="components">
      <metrics statements="18" coveredstatements="15" conditionals="6" coveredconditionals="2" methods="6" coveredmethods="5"/>
      <file name="Contact.js" path="C:\Users\soham\Desktop\React\Namaste-React\Food Ordering Application\src\components\Contact.js">
        <metrics statements="2" coveredstatements="2" conditionals="0" coveredconditionals="0" methods="1" coveredmethods="1"/>
        <line num="3" count="1" type="stmt"/>
        <line num="4" count="4" type="stmt"/>
      </file>
      <file name="Header.js" path="C:\Users\soham\Desktop\React\Namaste-React\Food Ordering Application\src\components\Header.js">
        <metrics statements="14" coveredstatements="11" conditionals="6" coveredconditionals="2" methods="4" coveredmethods="3"/>
        <line num="27" count="1" type="stmt"/>
        <line num="28" count="2" type="stmt"/>
        <line num="30" count="2" type="stmt"/>
        <line num="37" count="4" type="stmt"/>
        <line num="40" count="2" type="stmt"/>
        <line num="41" count="2" type="stmt"/>
        <line num="46" count="2" type="stmt"/>
        <line num="52" count="2" type="stmt"/>
        <line num="55" count="2" type="stmt"/>
        <line num="56" count="2" type="stmt"/>
        <line num="58" count="2" type="stmt"/>
        <line num="85" count="0" type="stmt"/>
        <line num="88" count="0" type="cond" truecount="0" falsecount="2"/>
        <line num="93" count="0" type="stmt"/>
      </file>
      <file name="sum.js" path="C:\Users\soham\Desktop\React\Namaste-React\Food Ordering Application\src\components\sum.js">
        <metrics statements="2" coveredstatements="2" conditionals="0" coveredconditionals="0" methods="1" coveredmethods="1"/>
        <line num="1" count="1" type="stmt"/>
        <line num="2" count="1" type="stmt"/>
      </file>
    </package>
    <package name="utils">
      <metrics statements="20" coveredstatements="14" conditionals="2" coveredconditionals="0" methods="6" coveredmethods="2"/>
      <file name="UserContext.js" path="C:\Users\soham\Desktop\React\Namaste-React\Food Ordering Application\src\utils\UserContext.js">
        <metrics statements="1" coveredstatements="1" conditionals="0" coveredconditionals="0" methods="0" coveredmethods="0"/>
        <line num="5" count="1" type="stmt"/>
      </file>
      <file name="appStore.js" path="C:\Users\soham\Desktop\React\Namaste-React\Food Ordering Application\src\utils\appStore.js">
        <metrics statements="1" coveredstatements="1" conditionals="0" coveredconditionals="0" methods="0" coveredmethods="0"/>
        <line num="5" count="1" type="stmt"/>
      </file>
      <file name="cartSlice.js" path="C:\Users\soham\Desktop\React\Namaste-React\Food Ordering Application\src\utils\cartSlice.js">
        <metrics statements="6" coveredstatements="2" conditionals="0" coveredconditionals="0" methods="3" coveredmethods="0"/>
        <line num="4" count="1" type="stmt"/>
        <line num="27" count="0" type="stmt"/>
        <line num="37" count="0" type="stmt"/>
        <line num="48" count="0" type="stmt"/>
        <line num="49" count="0" type="stmt"/>
        <line num="83" count="1" type="stmt"/>
      </file>
      <file name="constant.js" path="C:\Users\soham\Desktop\React\Namaste-React\Food Ordering Application\src\utils\constant.js">
        <metrics statements="3" coveredstatements="3" conditionals="0" coveredconditionals="0" methods="0" coveredmethods="0"/>
        <line num="4" count="1" type="stmt"/>
        <line num="6" count="1" type="stmt"/>
        <line num="8" count="1" type="stmt"/>
      </file>
      <file name="useOnlineStatus.js" path="C:\Users\soham\Desktop\React\Namaste-React\Food Ordering Application\src\utils\useOnlineStatus.js">
        <metrics statements="9" coveredstatements="7" conditionals="2" coveredconditionals="0" methods="3" coveredmethods="2"/>
        <line num="3" count="1" type="stmt"/>
        <line num="5" count="4" type="stmt"/>
        <line num="7" count="4" type="stmt"/>
        <line num="9" count="4" type="stmt"/>
        <line num="12" count="4" type="stmt"/>
        <line num="13" count="4" type="stmt"/>
        <line num="16" count="0" type="cond" truecount="0" falsecount="2"/>
        <line num="17" count="0" type="stmt"/>
        <line num="24" count="4" type="stmt"/>
      </file>
    </package>
  </project>
</coverage>
