{"C:\\Users\\soham\\Desktop\\React\\Namaste-React\\Food Ordering Application\\src\\components\\ItemList.js": {"path":"C:\\Users\\soham\\Desktop\\React\\Namaste-React\\Food Ordering Application\\src\\components\\ItemList.js","statementMap":{"0":{"start":{"line":6,"column":23},"end":{"line":6,"column":107}},"1":{"start":{"line":9,"column":17},"end":{"line":77,"column":1}},"2":{"start":{"line":11,"column":19},"end":{"line":11,"column":24}},"3":{"start":{"line":13,"column":4},"end":{"line":13,"column":21}},"4":{"start":{"line":15,"column":21},"end":{"line":15,"column":34}},"5":{"start":{"line":19,"column":4},"end":{"line":76,"column":11}},"6":{"start":{"line":22,"column":8},"end":{"line":71,"column":14}},"7":{"start":{"line":49,"column":12},"end":{"line":49,"column":43}},"8":{"start":{"line":51,"column":12},"end":{"line":51,"column":36}},"9":{"start":{"line":53,"column":12},"end":{"line":53,"column":44}}},"fnMap":{"0":{"name":"(anonymous_0)","decl":{"start":{"line":9,"column":17},"end":{"line":9,"column":18}},"loc":{"start":{"line":9,"column":27},"end":{"line":77,"column":1}},"line":9},"1":{"name":"(anonymous_1)","decl":{"start":{"line":20,"column":18},"end":{"line":20,"column":19}},"loc":{"start":{"line":22,"column":8},"end":{"line":71,"column":14}},"line":22},"2":{"name":"(anonymous_2)","decl":{"start":{"line":44,"column":17},"end":{"line":44,"column":18}},"loc":{"start":{"line":44,"column":21},"end":{"line":59,"column":9}},"line":44}},"branchMap":{"0":{"loc":{"start":{"line":32,"column":60},"end":{"line":32,"column":129}},"type":"cond-expr","locations":[{"start":{"line":32,"column":91},"end":{"line":32,"column":125}},{"start":{"line":32,"column":126},"end":{"line":32,"column":129}}],"line":32}},"s":{"0":1,"1":1,"2":0,"3":0,"4":0,"5":0,"6":0,"7":0,"8":0,"9":0},"f":{"0":0,"1":0,"2":0},"b":{"0":[0,0]},"_coverageSchema":"1a1c01bbd47fc00a2c39e90264f33305004495a9","hash":"7d84d7906e2bae87742a785e245dbf55f9339c17"}
,"C:\\Users\\soham\\Desktop\\React\\Namaste-React\\Food Ordering Application\\src\\components\\RestaurantCategory.js": {"path":"C:\\Users\\soham\\Desktop\\React\\Namaste-React\\Food Ordering Application\\src\\components\\RestaurantCategory.js","statementMap":{"0":{"start":{"line":4,"column":27},"end":{"line":42,"column":1}},"1":{"start":{"line":6,"column":41},"end":{"line":6,"column":46}},"2":{"start":{"line":11,"column":4},"end":{"line":11,"column":42}},"3":{"start":{"line":12,"column":4},"end":{"line":12,"column":21}},"4":{"start":{"line":14,"column":4},"end":{"line":41,"column":11}},"5":{"start":{"line":19,"column":12},"end":{"line":19,"column":34}},"6":{"start":{"line":25,"column":12},"end":{"line":25,"column":26}}},"fnMap":{"0":{"name":"(anonymous_0)","decl":{"start":{"line":4,"column":27},"end":{"line":4,"column":28}},"loc":{"start":{"line":4,"column":37},"end":{"line":42,"column":1}},"line":4},"1":{"name":"(anonymous_1)","decl":{"start":{"line":18,"column":141},"end":{"line":18,"column":142}},"loc":{"start":{"line":18,"column":145},"end":{"line":28,"column":9}},"line":18}},"branchMap":{"0":{"loc":{"start":{"line":36,"column":9},"end":{"line":36,"column":64}},"type":"cond-expr","locations":[{"start":{"line":36,"column":19},"end":{"line":36,"column":58}},{"start":{"line":36,"column":59},"end":{"line":36,"column":64}}],"line":36}},"s":{"0":1,"1":0,"2":0,"3":0,"4":0,"5":0,"6":0},"f":{"0":0,"1":0},"b":{"0":[0,0]},"_coverageSchema":"1a1c01bbd47fc00a2c39e90264f33305004495a9","hash":"2244c75fcb77a151657bb0dd0daec31f095a3221"}
,"C:\\Users\\soham\\Desktop\\React\\Namaste-React\\Food Ordering Application\\src\\components\\RestaurantMenu.js": {"path":"C:\\Users\\soham\\Desktop\\React\\Namaste-React\\Food Ordering Application\\src\\components\\RestaurantMenu.js","statementMap":{"0":{"start":{"line":9,"column":19},"end":{"line":19,"column":1}},"1":{"start":{"line":11,"column":4},"end":{"line":11,"column":37}},"2":{"start":{"line":15,"column":4},"end":{"line":18,"column":5}},"3":{"start":{"line":20,"column":22},"end":{"line":84,"column":1}},"4":{"start":{"line":24,"column":20},"end":{"line":24,"column":31}},"5":{"start":{"line":27,"column":20},"end":{"line":27,"column":44}},"6":{"start":{"line":30,"column":38},"end":{"line":30,"column":49}},"7":{"start":{"line":34,"column":4},"end":{"line":36,"column":26}},"8":{"start":{"line":35,"column":6},"end":{"line":35,"column":36}},"9":{"start":{"line":36,"column":8},"end":{"line":36,"column":25}},"10":{"start":{"line":42,"column":63},"end":{"line":42,"column":104}},"11":{"start":{"line":44,"column":23},"end":{"line":44,"column":104}},"12":{"start":{"line":52,"column":23},"end":{"line":52,"column":225}},"13":{"start":{"line":52,"column":115},"end":{"line":52,"column":224}},"14":{"start":{"line":54,"column":4},"end":{"line":54,"column":42}},"15":{"start":{"line":55,"column":4},"end":{"line":55,"column":27}},"16":{"start":{"line":62,"column":4},"end":{"line":83,"column":5}},"17":{"start":{"line":76,"column":46},"end":{"line":78,"column":14}},"18":{"start":{"line":77,"column":35},"end":{"line":77,"column":54}}},"fnMap":{"0":{"name":"(anonymous_0)","decl":{"start":{"line":9,"column":19},"end":{"line":9,"column":20}},"loc":{"start":{"line":9,"column":29},"end":{"line":19,"column":1}},"line":9},"1":{"name":"(anonymous_1)","decl":{"start":{"line":20,"column":22},"end":{"line":20,"column":23}},"loc":{"start":{"line":20,"column":27},"end":{"line":84,"column":1}},"line":20},"2":{"name":"(anonymous_2)","decl":{"start":{"line":52,"column":98},"end":{"line":52,"column":99}},"loc":{"start":{"line":52,"column":115},"end":{"line":52,"column":224}},"line":52},"3":{"name":"(anonymous_3)","decl":{"start":{"line":76,"column":28},"end":{"line":76,"column":29}},"loc":{"start":{"line":76,"column":46},"end":{"line":78,"column":14}},"line":76},"4":{"name":"(anonymous_4)","decl":{"start":{"line":77,"column":30},"end":{"line":77,"column":31}},"loc":{"start":{"line":77,"column":35},"end":{"line":77,"column":54}},"line":77}},"branchMap":{"0":{"loc":{"start":{"line":34,"column":4},"end":{"line":36,"column":26}},"type":"if","locations":[{"start":{"line":34,"column":4},"end":{"line":36,"column":26}},{"start":{},"end":{}}],"line":34},"1":{"loc":{"start":{"line":76,"column":139},"end":{"line":76,"column":170}},"type":"cond-expr","locations":[{"start":{"line":76,"column":160},"end":{"line":76,"column":164}},{"start":{"line":76,"column":165},"end":{"line":76,"column":170}}],"line":76}},"s":{"0":1,"1":0,"2":0,"3":1,"4":6,"5":5,"6":5,"7":5,"8":1,"9":1,"10":4,"11":0,"12":0,"13":0,"14":0,"15":0,"16":0,"17":0,"18":0},"f":{"0":0,"1":6,"2":0,"3":0,"4":0},"b":{"0":[1,4],"1":[0,0]},"_coverageSchema":"1a1c01bbd47fc00a2c39e90264f33305004495a9","hash":"88bf863fbd88f530a98a1edc9f0cc3459fa0e268"}
,"C:\\Users\\soham\\Desktop\\React\\Namaste-React\\Food Ordering Application\\src\\components\\Shimmer.js": {"path":"C:\\Users\\soham\\Desktop\\React\\Namaste-React\\Food Ordering Application\\src\\components\\Shimmer.js","statementMap":{"0":{"start":{"line":1,"column":14},"end":{"line":15,"column":1}},"1":{"start":{"line":3,"column":4},"end":{"line":14,"column":5}}},"fnMap":{"0":{"name":"(anonymous_0)","decl":{"start":{"line":1,"column":14},"end":{"line":1,"column":15}},"loc":{"start":{"line":1,"column":19},"end":{"line":15,"column":1}},"line":1}},"branchMap":{},"s":{"0":1,"1":1},"f":{"0":1},"b":{},"_coverageSchema":"1a1c01bbd47fc00a2c39e90264f33305004495a9","hash":"1353e85994ca3e7dbdc99e35a503b62a11b9524a"}
,"C:\\Users\\soham\\Desktop\\React\\Namaste-React\\Food Ordering Application\\src\\utils\\cartSlice.js": {"path":"C:\\Users\\soham\\Desktop\\React\\Namaste-React\\Food Ordering Application\\src\\utils\\cartSlice.js","statementMap":{"0":{"start":{"line":4,"column":18},"end":{"line":66,"column":2}},"1":{"start":{"line":27,"column":12},"end":{"line":27,"column":45}},"2":{"start":{"line":37,"column":12},"end":{"line":37,"column":30}},"3":{"start":{"line":48,"column":12},"end":{"line":48,"column":40}},"4":{"start":{"line":49,"column":12},"end":{"line":49,"column":35}},"5":{"start":{"line":83,"column":45},"end":{"line":83,"column":62}}},"fnMap":{"0":{"name":"(anonymous_0)","decl":{"start":{"line":25,"column":16},"end":{"line":25,"column":17}},"loc":{"start":{"line":25,"column":32},"end":{"line":28,"column":9}},"line":25},"1":{"name":"(anonymous_1)","decl":{"start":{"line":31,"column":19},"end":{"line":31,"column":20}},"loc":{"start":{"line":31,"column":36},"end":{"line":38,"column":9}},"line":31},"2":{"name":"(anonymous_2)","decl":{"start":{"line":41,"column":18},"end":{"line":41,"column":19}},"loc":{"start":{"line":41,"column":34},"end":{"line":61,"column":9}},"line":41}},"branchMap":{},"s":{"0":1,"1":0,"2":0,"3":0,"4":0,"5":1},"f":{"0":0,"1":0,"2":0},"b":{},"_coverageSchema":"1a1c01bbd47fc00a2c39e90264f33305004495a9","hash":"4d48171dd018ee9ca94bcaf8a10716dfb0f0a2be"}
,"C:\\Users\\soham\\Desktop\\React\\Namaste-React\\Food Ordering Application\\src\\utils\\constant.js": {"path":"C:\\Users\\soham\\Desktop\\React\\Namaste-React\\Food Ordering Application\\src\\utils\\constant.js","statementMap":{"0":{"start":{"line":4,"column":24},"end":{"line":4,"column":120}},"1":{"start":{"line":6,"column":29},"end":{"line":6,"column":113}},"2":{"start":{"line":8,"column":27},"end":{"line":8,"column":150}}},"fnMap":{},"branchMap":{},"s":{"0":1,"1":1,"2":1},"f":{},"b":{},"_coverageSchema":"1a1c01bbd47fc00a2c39e90264f33305004495a9","hash":"a0b899eaef39974b227e05c2920e20a62e45bfa0"}
,"C:\\Users\\soham\\Desktop\\React\\Namaste-React\\Food Ordering Application\\src\\utils\\useRestaurantMenu.js": {"path":"C:\\Users\\soham\\Desktop\\React\\Namaste-React\\Food Ordering Application\\src\\utils\\useRestaurantMenu.js","statementMap":{"0":{"start":{"line":5,"column":25},"end":{"line":31,"column":1}},"1":{"start":{"line":9,"column":34},"end":{"line":9,"column":48}},"2":{"start":{"line":12,"column":22},"end":{"line":20,"column":5}},"3":{"start":{"line":14,"column":21},"end":{"line":14,"column":51}},"4":{"start":{"line":16,"column":25},"end":{"line":16,"column":42}},"5":{"start":{"line":18,"column":8},"end":{"line":18,"column":28}},"6":{"start":{"line":21,"column":4},"end":{"line":27,"column":9}},"7":{"start":{"line":23,"column":8},"end":{"line":23,"column":51}},"8":{"start":{"line":25,"column":8},"end":{"line":25,"column":20}},"9":{"start":{"line":29,"column":4},"end":{"line":29,"column":19}}},"fnMap":{"0":{"name":"(anonymous_0)","decl":{"start":{"line":5,"column":25},"end":{"line":5,"column":26}},"loc":{"start":{"line":5,"column":35},"end":{"line":31,"column":1}},"line":5},"1":{"name":"(anonymous_1)","decl":{"start":{"line":12,"column":22},"end":{"line":12,"column":23}},"loc":{"start":{"line":12,"column":32},"end":{"line":20,"column":5}},"line":12},"2":{"name":"(anonymous_2)","decl":{"start":{"line":21,"column":14},"end":{"line":21,"column":15}},"loc":{"start":{"line":21,"column":18},"end":{"line":27,"column":5}},"line":21}},"branchMap":{},"s":{"0":1,"1":5,"2":5,"3":1,"4":1,"5":1,"6":5,"7":1,"8":1,"9":5},"f":{"0":5,"1":1,"2":1},"b":{},"_coverageSchema":"1a1c01bbd47fc00a2c39e90264f33305004495a9","hash":"e0f29e049b23aa02847958be16990d7ccfc9318f"}
}
