{"C:\\Users\\soham\\Desktop\\React\\Namaste-React\\Food Ordering Application\\src\\components\\Contact.js": {"path":"C:\\Users\\soham\\Desktop\\React\\Namaste-React\\Food Ordering Application\\src\\components\\Contact.js","statementMap":{"0":{"start":{"line":3,"column":16},"end":{"line":15,"column":1}},"1":{"start":{"line":4,"column":2},"end":{"line":14,"column":3}}},"fnMap":{"0":{"name":"(anonymous_0)","decl":{"start":{"line":3,"column":16},"end":{"line":3,"column":17}},"loc":{"start":{"line":3,"column":22},"end":{"line":15,"column":1}},"line":3}},"branchMap":{},"s":{"0":1,"1":4},"f":{"0":4},"b":{},"_coverageSchema":"1a1c01bbd47fc00a2c39e90264f33305004495a9","hash":"2a9adc4f2a0b25218c1ad7406888aaff27ce6550"}
,"C:\\Users\\soham\\Desktop\\React\\Namaste-React\\Food Ordering Application\\src\\components\\sum.js": {"path":"C:\\Users\\soham\\Desktop\\React\\Namaste-React\\Food Ordering Application\\src\\components\\sum.js","statementMap":{"0":{"start":{"line":1,"column":19},"end":{"line":3,"column":1}},"1":{"start":{"line":2,"column":0},"end":{"line":2,"column":11}}},"fnMap":{"0":{"name":"(anonymous_0)","decl":{"start":{"line":1,"column":19},"end":{"line":1,"column":20}},"loc":{"start":{"line":1,"column":27},"end":{"line":3,"column":1}},"line":1}},"branchMap":{},"s":{"0":1,"1":1},"f":{"0":1},"b":{},"_coverageSchema":"1a1c01bbd47fc00a2c39e90264f33305004495a9","hash":"13c35874f0fb299819837c586cf5865863e1d0af"}
}
