TN:
SF:src\components\Contact.js
FN:3,(anonymous_0)
FNF:1
FNH:1
FNDA:4,(anonymous_0)
DA:3,1
DA:4,4
LF:2
LH:2
BRF:0
BRH:0
end_of_record
TN:
SF:src\components\Header.js
FN:27,(anonymous_0)
FN:37,(anonymous_1)
FN:40,(anonymous_2)
FN:84,(anonymous_3)
FNF:4
FNH:3
FNDA:2,(anonymous_0)
FNDA:4,(anonymous_1)
FNDA:2,(anonymous_2)
FNDA:0,(anonymous_3)
DA:27,1
DA:28,2
DA:30,2
DA:37,4
DA:40,2
DA:41,2
DA:46,2
DA:52,2
DA:55,2
DA:56,2
DA:58,2
DA:85,0
DA:88,0
DA:93,0
LF:14
LH:11
BRDA:66,0,0,2
BRDA:66,0,1,0
BRDA:88,1,0,0
BRDA:88,1,1,0
BRDA:99,2,0,0
BRDA:99,2,1,2
BRF:6
BRH:2
end_of_record
TN:
SF:src\components\sum.js
FN:1,(anonymous_0)
FNF:1
FNH:1
FNDA:1,(anonymous_0)
DA:1,1
DA:2,1
LF:2
LH:2
BRF:0
BRH:0
end_of_record
TN:
SF:src\utils\UserContext.js
FNF:0
FNH:0
DA:5,1
LF:1
LH:1
BRF:0
BRH:0
end_of_record
TN:
SF:src\utils\appStore.js
FNF:0
FNH:0
DA:5,1
LF:1
LH:1
BRF:0
BRH:0
end_of_record
TN:
SF:src\utils\cartSlice.js
FN:25,(anonymous_0)
FN:31,(anonymous_1)
FN:41,(anonymous_2)
FNF:3
FNH:0
FNDA:0,(anonymous_0)
FNDA:0,(anonymous_1)
FNDA:0,(anonymous_2)
DA:4,1
DA:27,0
DA:37,0
DA:48,0
DA:49,0
DA:83,1
LF:6
LH:2
BRF:0
BRH:0
end_of_record
TN:
SF:src\utils\constant.js
FNF:0
FNH:0
DA:4,1
DA:6,1
DA:8,1
LF:3
LH:3
BRF:0
BRH:0
end_of_record
TN:
SF:src\utils\useOnlineStatus.js
FN:3,(anonymous_0)
FN:9,(anonymous_1)
FN:15,updateOnlineStatus
FNF:3
FNH:2
FNDA:4,(anonymous_0)
FNDA:4,(anonymous_1)
FNDA:0,updateOnlineStatus
DA:3,1
DA:5,4
DA:7,4
DA:9,4
DA:12,4
DA:13,4
DA:16,0
DA:17,0
DA:24,4
LF:9
LH:7
BRDA:16,0,0,0
BRDA:16,0,1,0
BRF:2
BRH:0
end_of_record
