TN:
SF:src\components\ItemList.js
FN:9,(anonymous_0)
FN:20,(anonymous_1)
FN:44,(anonymous_2)
FNF:3
FNH:0
FNDA:0,(anonymous_0)
FNDA:0,(anonymous_1)
FNDA:0,(anonymous_2)
DA:6,1
DA:9,1
DA:11,0
DA:13,0
DA:15,0
DA:19,0
DA:22,0
DA:49,0
DA:51,0
DA:53,0
LF:10
LH:2
BRDA:32,0,0,0
BRDA:32,0,1,0
BRF:2
BRH:0
end_of_record
TN:
SF:src\components\RestaurantCategory.js
FN:4,(anonymous_0)
FN:18,(anonymous_1)
FNF:2
FNH:0
FNDA:0,(anonymous_0)
FNDA:0,(anonymous_1)
DA:4,1
DA:6,0
DA:11,0
DA:12,0
DA:14,0
DA:19,0
DA:25,0
LF:7
LH:1
BRDA:36,0,0,0
BRDA:36,0,1,0
BRF:2
BRH:0
end_of_record
TN:
SF:src\components\RestaurantMenu.js
FN:9,(anonymous_0)
FN:20,(anonymous_1)
FN:52,(anonymous_2)
FN:76,(anonymous_3)
FN:77,(anonymous_4)
FNF:5
FNH:1
FNDA:0,(anonymous_0)
FNDA:6,(anonymous_1)
FNDA:0,(anonymous_2)
FNDA:0,(anonymous_3)
FNDA:0,(anonymous_4)
DA:9,1
DA:11,0
DA:15,0
DA:20,1
DA:24,6
DA:27,5
DA:30,5
DA:34,5
DA:35,1
DA:36,1
DA:42,4
DA:44,0
DA:52,0
DA:54,0
DA:55,0
DA:62,0
DA:76,0
DA:77,0
LF:18
LH:9
BRDA:34,0,0,1
BRDA:34,0,1,4
BRDA:76,1,0,0
BRDA:76,1,1,0
BRF:4
BRH:2
end_of_record
TN:
SF:src\components\Shimmer.js
FN:1,(anonymous_0)
FNF:1
FNH:1
FNDA:1,(anonymous_0)
DA:1,1
DA:3,1
LF:2
LH:2
BRF:0
BRH:0
end_of_record
TN:
SF:src\utils\cartSlice.js
FN:25,(anonymous_0)
FN:31,(anonymous_1)
FN:41,(anonymous_2)
FNF:3
FNH:0
FNDA:0,(anonymous_0)
FNDA:0,(anonymous_1)
FNDA:0,(anonymous_2)
DA:4,1
DA:27,0
DA:37,0
DA:48,0
DA:49,0
DA:83,1
LF:6
LH:2
BRF:0
BRH:0
end_of_record
TN:
SF:src\utils\constant.js
FNF:0
FNH:0
DA:4,1
DA:6,1
DA:8,1
LF:3
LH:3
BRF:0
BRH:0
end_of_record
TN:
SF:src\utils\useRestaurantMenu.js
FN:5,(anonymous_0)
FN:12,(anonymous_1)
FN:21,(anonymous_2)
FNF:3
FNH:3
FNDA:5,(anonymous_0)
FNDA:1,(anonymous_1)
FNDA:1,(anonymous_2)
DA:5,1
DA:9,5
DA:12,5
DA:14,1
DA:16,1
DA:18,1
DA:21,5
DA:23,1
DA:25,1
DA:29,5
LF:10
LH:10
BRF:0
BRH:0
end_of_record
